composeApp/build/intermediates/manifest_merge_blame_file/debug/processDebugMainManifest/manifest-merger-blame-debug-report.txt
1<?xml version="1.0" encoding="utf-8"?>
2<manifest xmlns:android="http://schemas.android.com/apk/res/android"
3    package="com.example.voidplayer"
4    android:versionCode="1"
5    android:versionName="1.0" >
6
7    <uses-sdk
8        android:minSdkVersion="24"
9        android:targetSdkVersion="34" />
10
11    <uses-permission android:name="android.permission.READ_EXTERNAL_STORAGE" />
11-->src\androidMain\AndroidManifest.xml:3:5-79
11-->src\androidMain\AndroidManifest.xml:3:22-77
12    <uses-permission android:name="android.permission.READ_MEDIA_AUDIO" />
12-->src\androidMain\AndroidManifest.xml:4:5-74
12-->src\androidMain\AndroidManifest.xml:4:22-72
13    <uses-permission android:name="android.permission.POST_NOTIFICATIONS" />
13-->src\androidMain\AndroidManifest.xml:5:5-76
13-->src\androidMain\AndroidManifest.xml:5:22-74
14    <uses-permission android:name="android.permission.FOREGROUND_SERVICE" />
14-->src\androidMain\AndroidManifest.xml:6:5-76
14-->src\androidMain\AndroidManifest.xml:6:22-74
15    <uses-permission android:name="android.permission.FOREGROUND_SERVICE_MEDIA_PLAYBACK" />
15-->src\androidMain\AndroidManifest.xml:7:5-91
15-->src\androidMain\AndroidManifest.xml:7:22-89
16    <uses-permission android:name="android.permission.SYSTEM_ALERT_WINDOW" />
16-->src\androidMain\AndroidManifest.xml:8:5-77
16-->src\androidMain\AndroidManifest.xml:8:22-75
17
18    <!-- Bluetooth Permissions -->
19    <uses-permission
19-->src\androidMain\AndroidManifest.xml:11:5-95
20        android:name="android.permission.BLUETOOTH"
20-->src\androidMain\AndroidManifest.xml:11:22-65
21        android:maxSdkVersion="30" />
21-->src\androidMain\AndroidManifest.xml:11:66-92
22    <uses-permission
22-->src\androidMain\AndroidManifest.xml:12:5-101
23        android:name="android.permission.BLUETOOTH_ADMIN"
23-->src\androidMain\AndroidManifest.xml:12:22-71
24        android:maxSdkVersion="30" />
24-->src\androidMain\AndroidManifest.xml:12:72-98
25    <uses-permission android:name="android.permission.BLUETOOTH_CONNECT" />
25-->src\androidMain\AndroidManifest.xml:13:5-76
25-->src\androidMain\AndroidManifest.xml:13:22-73
26    <uses-permission android:name="android.permission.ACCESS_NETWORK_STATE" />
26-->[androidx.media3:media3-common:1.4.1] AndroidManifest.xml:22:5-79
26-->[androidx.media3:media3-common:1.4.1] AndroidManifest.xml:22:22-76
27
28    <permission
28-->[androidx.core:core:1.13.1] AndroidManifest.xml:22:5-24:47
29        android:name="com.example.voidplayer.DYNAMIC_RECEIVER_NOT_EXPORTED_PERMISSION"
29-->[androidx.core:core:1.13.1] AndroidManifest.xml:23:9-81
30        android:protectionLevel="signature" />
30-->[androidx.core:core:1.13.1] AndroidManifest.xml:24:9-44
31
32    <uses-permission android:name="com.example.voidplayer.DYNAMIC_RECEIVER_NOT_EXPORTED_PERMISSION" />
32-->[androidx.core:core:1.13.1] AndroidManifest.xml:26:5-97
32-->[androidx.core:core:1.13.1] AndroidManifest.xml:26:22-94
33
34    <application
34-->src\androidMain\AndroidManifest.xml:15:5-39:19
35        android:name="com.example.voidplayer.VoidPlayerApp"
35-->src\androidMain\AndroidManifest.xml:16:9-38
36        android:allowBackup="true"
36-->src\androidMain\AndroidManifest.xml:17:9-35
37        android:appComponentFactory="androidx.core.app.CoreComponentFactory"
37-->[androidx.core:core:1.13.1] AndroidManifest.xml:28:18-86
38        android:debuggable="true"
39        android:extractNativeLibs="false"
40        android:label="Void Player"
40-->src\androidMain\AndroidManifest.xml:18:9-36
41        android:supportsRtl="true"
41-->src\androidMain\AndroidManifest.xml:19:9-35
42        android:theme="@android:style/Theme.Material.NoActionBar" >
42-->src\androidMain\AndroidManifest.xml:20:9-66
43        <activity
43-->src\androidMain\AndroidManifest.xml:22:9-32:20
44            android:name="com.example.voidplayer.MainActivity"
44-->src\androidMain\AndroidManifest.xml:23:13-41
45            android:configChanges="orientation|screenSize|screenLayout|keyboardHidden"
45-->src\androidMain\AndroidManifest.xml:27:13-87
46            android:exported="true"
46-->src\androidMain\AndroidManifest.xml:24:13-36
47            android:label="Void Player"
47-->src\androidMain\AndroidManifest.xml:25:13-40
48            android:theme="@android:style/Theme.Material.NoActionBar" >
48-->src\androidMain\AndroidManifest.xml:26:13-70
49            <intent-filter>
49-->src\androidMain\AndroidManifest.xml:28:13-31:29
50                <action android:name="android.intent.action.MAIN" />
50-->src\androidMain\AndroidManifest.xml:29:17-69
50-->src\androidMain\AndroidManifest.xml:29:25-66
51
52                <category android:name="android.intent.category.LAUNCHER" />
52-->src\androidMain\AndroidManifest.xml:30:17-77
52-->src\androidMain\AndroidManifest.xml:30:27-74
53            </intent-filter>
54        </activity>
55
56        <service
56-->src\androidMain\AndroidManifest.xml:34:9-37:61
57            android:name="com.example.voidplayer.service.OverlayService"
57-->src\androidMain\AndroidManifest.xml:35:13-51
58            android:exported="false"
58-->src\androidMain\AndroidManifest.xml:36:13-37
59            android:foregroundServiceType="mediaPlayback" />
59-->src\androidMain\AndroidManifest.xml:37:13-58
60
61        <provider
61-->[org.jetbrains.compose.components:components-resources-android:1.7.1] AndroidManifest.xml:8:9-13:20
62            android:name="org.jetbrains.compose.resources.AndroidContextProvider"
62-->[org.jetbrains.compose.components:components-resources-android:1.7.1] AndroidManifest.xml:9:13-82
63            android:authorities="com.example.voidplayer.resources.AndroidContextProvider"
63-->[org.jetbrains.compose.components:components-resources-android:1.7.1] AndroidManifest.xml:10:13-84
64            android:enabled="true"
64-->[org.jetbrains.compose.components:components-resources-android:1.7.1] AndroidManifest.xml:11:13-35
65            android:exported="false" >
65-->[org.jetbrains.compose.components:components-resources-android:1.7.1] AndroidManifest.xml:12:13-37
66        </provider>
67
68        <activity
68-->[androidx.compose.ui:ui-tooling-android:1.7.5] AndroidManifest.xml:23:9-25:39
69            android:name="androidx.compose.ui.tooling.PreviewActivity"
69-->[androidx.compose.ui:ui-tooling-android:1.7.5] AndroidManifest.xml:24:13-71
70            android:exported="true" />
70-->[androidx.compose.ui:ui-tooling-android:1.7.5] AndroidManifest.xml:25:13-36
71
72        <provider
72-->[androidx.emoji2:emoji2:1.3.0] AndroidManifest.xml:24:9-32:20
73            android:name="androidx.startup.InitializationProvider"
73-->[androidx.emoji2:emoji2:1.3.0] AndroidManifest.xml:25:13-67
74            android:authorities="com.example.voidplayer.androidx-startup"
74-->[androidx.emoji2:emoji2:1.3.0] AndroidManifest.xml:26:13-68
75            android:exported="false" >
75-->[androidx.emoji2:emoji2:1.3.0] AndroidManifest.xml:27:13-37
76            <meta-data
76-->[androidx.emoji2:emoji2:1.3.0] AndroidManifest.xml:29:13-31:52
77                android:name="androidx.emoji2.text.EmojiCompatInitializer"
77-->[androidx.emoji2:emoji2:1.3.0] AndroidManifest.xml:30:17-75
78                android:value="androidx.startup" />
78-->[androidx.emoji2:emoji2:1.3.0] AndroidManifest.xml:31:17-49
79            <meta-data
79-->[androidx.lifecycle:lifecycle-process:2.8.5] AndroidManifest.xml:29:13-31:52
80                android:name="androidx.lifecycle.ProcessLifecycleInitializer"
80-->[androidx.lifecycle:lifecycle-process:2.8.5] AndroidManifest.xml:30:17-78
81                android:value="androidx.startup" />
81-->[androidx.lifecycle:lifecycle-process:2.8.5] AndroidManifest.xml:31:17-49
82            <meta-data
82-->[androidx.profileinstaller:profileinstaller:1.3.1] AndroidManifest.xml:29:13-31:52
83                android:name="androidx.profileinstaller.ProfileInstallerInitializer"
83-->[androidx.profileinstaller:profileinstaller:1.3.1] AndroidManifest.xml:30:17-85
84                android:value="androidx.startup" />
84-->[androidx.profileinstaller:profileinstaller:1.3.1] AndroidManifest.xml:31:17-49
85        </provider>
86
87        <receiver
87-->[androidx.profileinstaller:profileinstaller:1.3.1] AndroidManifest.xml:34:9-52:20
88            android:name="androidx.profileinstaller.ProfileInstallReceiver"
88-->[androidx.profileinstaller:profileinstaller:1.3.1] AndroidManifest.xml:35:13-76
89            android:directBootAware="false"
89-->[androidx.profileinstaller:profileinstaller:1.3.1] AndroidManifest.xml:36:13-44
90            android:enabled="true"
90-->[androidx.profileinstaller:profileinstaller:1.3.1] AndroidManifest.xml:37:13-35
91            android:exported="true"
91-->[androidx.profileinstaller:profileinstaller:1.3.1] AndroidManifest.xml:38:13-36
92            android:permission="android.permission.DUMP" >
92-->[androidx.profileinstaller:profileinstaller:1.3.1] AndroidManifest.xml:39:13-57
93            <intent-filter>
93-->[androidx.profileinstaller:profileinstaller:1.3.1] AndroidManifest.xml:40:13-42:29
94                <action android:name="androidx.profileinstaller.action.INSTALL_PROFILE" />
94-->[androidx.profileinstaller:profileinstaller:1.3.1] AndroidManifest.xml:41:17-91
94-->[androidx.profileinstaller:profileinstaller:1.3.1] AndroidManifest.xml:41:25-88
95            </intent-filter>
96            <intent-filter>
96-->[androidx.profileinstaller:profileinstaller:1.3.1] AndroidManifest.xml:43:13-45:29
97                <action android:name="androidx.profileinstaller.action.SKIP_FILE" />
97-->[androidx.profileinstaller:profileinstaller:1.3.1] AndroidManifest.xml:44:17-85
97-->[androidx.profileinstaller:profileinstaller:1.3.1] AndroidManifest.xml:44:25-82
98            </intent-filter>
99            <intent-filter>
99-->[androidx.profileinstaller:profileinstaller:1.3.1] AndroidManifest.xml:46:13-48:29
100                <action android:name="androidx.profileinstaller.action.SAVE_PROFILE" />
100-->[androidx.profileinstaller:profileinstaller:1.3.1] AndroidManifest.xml:47:17-88
100-->[androidx.profileinstaller:profileinstaller:1.3.1] AndroidManifest.xml:47:25-85
101            </intent-filter>
102            <intent-filter>
102-->[androidx.profileinstaller:profileinstaller:1.3.1] AndroidManifest.xml:49:13-51:29
103                <action android:name="androidx.profileinstaller.action.BENCHMARK_OPERATION" />
103-->[androidx.profileinstaller:profileinstaller:1.3.1] AndroidManifest.xml:50:17-95
103-->[androidx.profileinstaller:profileinstaller:1.3.1] AndroidManifest.xml:50:25-92
104            </intent-filter>
105        </receiver>
106    </application>
107
108</manifest>